2013-05-23 11:10:46 Error: [MissingPluginException] Plugin DebugKit could not be found.
Exception Attributes: array (
  'plugin' => 'DebugKit',
)
Request URL: /gsoc/ffs/
Stack Trace:
#0 /var/www/html/gsoc/ffs/lib/Cake/Core/App.php(366): CakePlugin::path('DebugKit')
#1 /var/www/html/gsoc/ffs/lib/Cake/Core/App.php(227): App::pluginPath('DebugKit')
#2 /var/www/html/gsoc/ffs/lib/Cake/Core/App.php(544): App::path('Controller/Comp...', 'DebugKit')
#3 [internal function]: App::load('ToolbarComponen...')
#4 [internal function]: spl_autoload_call('ToolbarComponen...')
#5 /var/www/html/gsoc/ffs/lib/Cake/Controller/ComponentCollection.php(100): class_exists('ToolbarComponen...')
#6 /var/www/html/gsoc/ffs/lib/Cake/Controller/ComponentCollection.php(53): ComponentCollection->load('DebugKit.Toolba...', Array)
#7 /var/www/html/gsoc/ffs/lib/Cake/Controller/Controller.php(635): ComponentCollection->init(Object(PagesController))
#8 /var/www/html/gsoc/ffs/lib/Cake/Routing/Dispatcher.php(183): Controller->constructClasses()
#9 /var/www/html/gsoc/ffs/lib/Cake/Routing/Dispatcher.php(162): Dispatcher->_invoke(Object(PagesController), Object(CakeRequest), Object(CakeResponse))
#10 /var/www/html/gsoc/ffs/app/webroot/index.php(109): Dispatcher->dispatch(Object(CakeRequest), Object(CakeResponse))
#11 {main}
2013-05-23 12:17:46 Error: [MissingActionException] Action UsersController::login() could not be found.
Exception Attributes: array (
  'controller' => 'UsersController',
  'action' => 'login',
)
Request URL: /gsoc/ffs/users/login
Stack Trace:
#0 /var/www/html/gsoc/ffs/lib/Cake/Routing/Dispatcher.php(187): Controller->invokeAction(Object(CakeRequest))
#1 /var/www/html/gsoc/ffs/lib/Cake/Routing/Dispatcher.php(162): Dispatcher->_invoke(Object(UsersController), Object(CakeRequest), Object(CakeResponse))
#2 /var/www/html/gsoc/ffs/app/webroot/index.php(109): Dispatcher->dispatch(Object(CakeRequest), Object(CakeResponse))
#3 {main}
2013-05-23 12:18:06 Error: [MissingActionException] Action UsersController::login() could not be found.
Exception Attributes: array (
  'controller' => 'UsersController',
  'action' => 'login',
)
Request URL: /gsoc/ffs/users/login
Stack Trace:
#0 /var/www/html/gsoc/ffs/lib/Cake/Routing/Dispatcher.php(187): Controller->invokeAction(Object(CakeRequest))
#1 /var/www/html/gsoc/ffs/lib/Cake/Routing/Dispatcher.php(162): Dispatcher->_invoke(Object(UsersController), Object(CakeRequest), Object(CakeResponse))
#2 /var/www/html/gsoc/ffs/app/webroot/index.php(109): Dispatcher->dispatch(Object(CakeRequest), Object(CakeResponse))
#3 {main}
2013-05-23 12:18:07 Error: [MissingActionException] Action UsersController::login() could not be found.
Exception Attributes: array (
  'controller' => 'UsersController',
  'action' => 'login',
)
Request URL: /gsoc/ffs/users/login
Stack Trace:
#0 /var/www/html/gsoc/ffs/lib/Cake/Routing/Dispatcher.php(187): Controller->invokeAction(Object(CakeRequest))
#1 /var/www/html/gsoc/ffs/lib/Cake/Routing/Dispatcher.php(162): Dispatcher->_invoke(Object(UsersController), Object(CakeRequest), Object(CakeResponse))
#2 /var/www/html/gsoc/ffs/app/webroot/index.php(109): Dispatcher->dispatch(Object(CakeRequest), Object(CakeResponse))
#3 {main}
2013-05-23 12:18:07 Error: [MissingActionException] Action UsersController::login() could not be found.
Exception Attributes: array (
  'controller' => 'UsersController',
  'action' => 'login',
)
Request URL: /gsoc/ffs/users/login
Stack Trace:
#0 /var/www/html/gsoc/ffs/lib/Cake/Routing/Dispatcher.php(187): Controller->invokeAction(Object(CakeRequest))
#1 /var/www/html/gsoc/ffs/lib/Cake/Routing/Dispatcher.php(162): Dispatcher->_invoke(Object(UsersController), Object(CakeRequest), Object(CakeResponse))
#2 /var/www/html/gsoc/ffs/app/webroot/index.php(109): Dispatcher->dispatch(Object(CakeRequest), Object(CakeResponse))
#3 {main}
2013-05-23 12:18:15 Error: [MissingActionException] Action UsersController::login() could not be found.
Exception Attributes: array (
  'controller' => 'UsersController',
  'action' => 'login',
)
Request URL: /gsoc/ffs/users/login
Stack Trace:
#0 /var/www/html/gsoc/ffs/lib/Cake/Routing/Dispatcher.php(187): Controller->invokeAction(Object(CakeRequest))
#1 /var/www/html/gsoc/ffs/lib/Cake/Routing/Dispatcher.php(162): Dispatcher->_invoke(Object(UsersController), Object(CakeRequest), Object(CakeResponse))
#2 /var/www/html/gsoc/ffs/app/webroot/index.php(109): Dispatcher->dispatch(Object(CakeRequest), Object(CakeResponse))
#3 {main}
2013-05-23 12:18:16 Error: [MissingActionException] Action UsersController::login() could not be found.
Exception Attributes: array (
  'controller' => 'UsersController',
  'action' => 'login',
)
Request URL: /gsoc/ffs/users/login
Stack Trace:
#0 /var/www/html/gsoc/ffs/lib/Cake/Routing/Dispatcher.php(187): Controller->invokeAction(Object(CakeRequest))
#1 /var/www/html/gsoc/ffs/lib/Cake/Routing/Dispatcher.php(162): Dispatcher->_invoke(Object(UsersController), Object(CakeRequest), Object(CakeResponse))
#2 /var/www/html/gsoc/ffs/app/webroot/index.php(109): Dispatcher->dispatch(Object(CakeRequest), Object(CakeResponse))
#3 {main}
2013-05-23 12:18:19 Error: [MissingActionException] Action UsersController::index() could not be found.
Exception Attributes: array (
  'controller' => 'UsersController',
  'action' => 'index',
)
Request URL: /gsoc/ffs/users
Stack Trace:
#0 /var/www/html/gsoc/ffs/lib/Cake/Routing/Dispatcher.php(187): Controller->invokeAction(Object(CakeRequest))
#1 /var/www/html/gsoc/ffs/lib/Cake/Routing/Dispatcher.php(162): Dispatcher->_invoke(Object(UsersController), Object(CakeRequest), Object(CakeResponse))
#2 /var/www/html/gsoc/ffs/app/webroot/index.php(109): Dispatcher->dispatch(Object(CakeRequest), Object(CakeResponse))
#3 {main}
2013-05-23 12:31:04 Error: [MissingActionException] Action UsersController::index() could not be found.
Exception Attributes: array (
  'controller' => 'UsersController',
  'action' => 'index',
)
Request URL: /gsoc/ffs/users
Stack Trace:
#0 /var/www/html/gsoc/ffs/lib/Cake/Routing/Dispatcher.php(187): Controller->invokeAction(Object(CakeRequest))
#1 /var/www/html/gsoc/ffs/lib/Cake/Routing/Dispatcher.php(162): Dispatcher->_invoke(Object(UsersController), Object(CakeRequest), Object(CakeResponse))
#2 /var/www/html/gsoc/ffs/app/webroot/index.php(109): Dispatcher->dispatch(Object(CakeRequest), Object(CakeResponse))
#3 {main}
2013-05-23 12:31:08 Error: [MissingActionException] Action UsersController::login() could not be found.
Exception Attributes: array (
  'controller' => 'UsersController',
  'action' => 'login',
)
Request URL: /gsoc/ffs/users/login
Stack Trace:
#0 /var/www/html/gsoc/ffs/lib/Cake/Routing/Dispatcher.php(187): Controller->invokeAction(Object(CakeRequest))
#1 /var/www/html/gsoc/ffs/lib/Cake/Routing/Dispatcher.php(162): Dispatcher->_invoke(Object(UsersController), Object(CakeRequest), Object(CakeResponse))
#2 /var/www/html/gsoc/ffs/app/webroot/index.php(109): Dispatcher->dispatch(Object(CakeRequest), Object(CakeResponse))
#3 {main}
2013-05-23 12:31:10 Error: [MissingActionException] Action UsersController::login() could not be found.
Exception Attributes: array (
  'controller' => 'UsersController',
  'action' => 'login',
)
Request URL: /gsoc/ffs/users/login
Stack Trace:
#0 /var/www/html/gsoc/ffs/lib/Cake/Routing/Dispatcher.php(187): Controller->invokeAction(Object(CakeRequest))
#1 /var/www/html/gsoc/ffs/lib/Cake/Routing/Dispatcher.php(162): Dispatcher->_invoke(Object(UsersController), Object(CakeRequest), Object(CakeResponse))
#2 /var/www/html/gsoc/ffs/app/webroot/index.php(109): Dispatcher->dispatch(Object(CakeRequest), Object(CakeResponse))
#3 {main}
2013-05-23 12:31:52 Error: Fatal Error (1): Call to a member function is() on a non-object in [/var/www/html/gsoc/ffs/app/Controller/UsersController.php, line 5]
2013-05-23 12:31:52 Error: [FatalErrorException] Call to a member function is() on a non-object
Request URL: /gsoc/ffs/users/login
Stack Trace:
#0 /var/www/html/gsoc/ffs/lib/Cake/Error/ErrorHandler.php(184): ErrorHandler::handleFatalError(1, 'Call to a membe...', '/var/www/html/g...', 5)
#1 [internal function]: ErrorHandler::handleError(1, 'Call to a membe...', '/var/www/html/g...', 5, Array)
#2 /var/www/html/gsoc/ffs/lib/Cake/Core/App.php(926): call_user_func('ErrorHandler::h...', 1, 'Call to a membe...', '/var/www/html/g...', 5, Array)
#3 /var/www/html/gsoc/ffs/lib/Cake/Core/App.php(899): App::_checkFatalError()
#4 [internal function]: App::shutdown()
#5 {main}
2013-05-23 12:32:39 Error: Fatal Error (1): Call to a member function is() on a non-object in [/var/www/html/gsoc/ffs/app/Controller/UsersController.php, line 6]
2013-05-23 12:32:39 Error: [FatalErrorException] Call to a member function is() on a non-object
Request URL: /gsoc/ffs/users/login
Stack Trace:
#0 /var/www/html/gsoc/ffs/lib/Cake/Error/ErrorHandler.php(184): ErrorHandler::handleFatalError(1, 'Call to a membe...', '/var/www/html/g...', 6)
#1 [internal function]: ErrorHandler::handleError(1, 'Call to a membe...', '/var/www/html/g...', 6, Array)
#2 /var/www/html/gsoc/ffs/lib/Cake/Core/App.php(926): call_user_func('ErrorHandler::h...', 1, 'Call to a membe...', '/var/www/html/g...', 6, Array)
#3 /var/www/html/gsoc/ffs/lib/Cake/Core/App.php(899): App::_checkFatalError()
#4 [internal function]: App::shutdown()
#5 {main}
2013-05-23 12:32:41 Error: Fatal Error (1): Call to a member function is() on a non-object in [/var/www/html/gsoc/ffs/app/Controller/UsersController.php, line 6]
2013-05-23 12:32:41 Error: [FatalErrorException] Call to a member function is() on a non-object
Request URL: /gsoc/ffs/users/login
Stack Trace:
#0 /var/www/html/gsoc/ffs/lib/Cake/Error/ErrorHandler.php(184): ErrorHandler::handleFatalError(1, 'Call to a membe...', '/var/www/html/g...', 6)
#1 [internal function]: ErrorHandler::handleError(1, 'Call to a membe...', '/var/www/html/g...', 6, Array)
#2 /var/www/html/gsoc/ffs/lib/Cake/Core/App.php(926): call_user_func('ErrorHandler::h...', 1, 'Call to a membe...', '/var/www/html/g...', 6, Array)
#3 /var/www/html/gsoc/ffs/lib/Cake/Core/App.php(899): App::_checkFatalError()
#4 [internal function]: App::shutdown()
#5 {main}
2013-05-23 12:34:23 Error: Fatal Error (1): Call to a member function is() on a non-object in [/var/www/html/gsoc/ffs/app/Controller/UsersController.php, line 6]
2013-05-23 12:34:23 Error: [FatalErrorException] Call to a member function is() on a non-object
Request URL: /gsoc/ffs/users/login
Stack Trace:
#0 /var/www/html/gsoc/ffs/lib/Cake/Error/ErrorHandler.php(184): ErrorHandler::handleFatalError(1, 'Call to a membe...', '/var/www/html/g...', 6)
#1 [internal function]: ErrorHandler::handleError(1, 'Call to a membe...', '/var/www/html/g...', 6, Array)
#2 /var/www/html/gsoc/ffs/lib/Cake/Core/App.php(926): call_user_func('ErrorHandler::h...', 1, 'Call to a membe...', '/var/www/html/g...', 6, Array)
#3 /var/www/html/gsoc/ffs/lib/Cake/Core/App.php(899): App::_checkFatalError()
#4 [internal function]: App::shutdown()
#5 {main}
2013-05-23 15:02:14 Error: [CakeException] Authentication adapter "FAS" was not found.
Request URL: /gsoc/ffs/users/login
Stack Trace:
#0 /var/www/html/gsoc/ffs/lib/Cake/Controller/Component/AuthComponent.php(692): AuthComponent->constructAuthenticate()
#1 /var/www/html/gsoc/ffs/lib/Cake/Controller/Component/AuthComponent.php(547): AuthComponent->identify(Object(CakeRequest), Object(CakeResponse))
#2 /var/www/html/gsoc/ffs/app/Controller/UsersController.php(8): AuthComponent->login()
#3 [internal function]: UsersController->login()
#4 /var/www/html/gsoc/ffs/lib/Cake/Controller/Controller.php(486): ReflectionMethod->invokeArgs(Object(UsersController), Array)
#5 /var/www/html/gsoc/ffs/lib/Cake/Routing/Dispatcher.php(187): Controller->invokeAction(Object(CakeRequest))
#6 /var/www/html/gsoc/ffs/lib/Cake/Routing/Dispatcher.php(162): Dispatcher->_invoke(Object(UsersController), Object(CakeRequest), Object(CakeResponse))
#7 /var/www/html/gsoc/ffs/app/webroot/index.php(109): Dispatcher->dispatch(Object(CakeRequest), Object(CakeResponse))
#8 {main}
2013-05-23 15:08:06 Error: [PDOException] SQLSTATE[42S22]: Column not found: 1054 Unknown column 'User.username' in 'where clause'
Request URL: /gsoc/ffs/users/login
Stack Trace:
#0 /var/www/html/gsoc/ffs/lib/Cake/Model/Datasource/DboSource.php(460): PDOStatement->execute(Array)
#1 /var/www/html/gsoc/ffs/lib/Cake/Model/Datasource/DboSource.php(426): DboSource->_execute('SELECT `User`.`...', Array)
#2 /var/www/html/gsoc/ffs/lib/Cake/Model/Datasource/DboSource.php(670): DboSource->execute('SELECT `User`.`...', Array, Array)
#3 /var/www/html/gsoc/ffs/lib/Cake/Model/Datasource/DboSource.php(1081): DboSource->fetchAll('SELECT `User`.`...', false)
#4 /var/www/html/gsoc/ffs/lib/Cake/Model/Model.php(2694): DboSource->read(Object(User), Array)
#5 /var/www/html/gsoc/ffs/lib/Cake/Controller/Component/Auth/BaseAuthenticate.php(99): Model->find('first', Array)
#6 /var/www/html/gsoc/ffs/lib/Cake/Controller/Component/Auth/FormAuthenticate.php(81): BaseAuthenticate->_findUser('udinnet', 'Ud3249370?')
#7 /var/www/html/gsoc/ffs/lib/Cake/Controller/Component/AuthComponent.php(695): FormAuthenticate->authenticate(Object(CakeRequest), Object(CakeResponse))
#8 /var/www/html/gsoc/ffs/lib/Cake/Controller/Component/AuthComponent.php(547): AuthComponent->identify(Object(CakeRequest), Object(CakeResponse))
#9 /var/www/html/gsoc/ffs/app/Controller/UsersController.php(8): AuthComponent->login()
#10 [internal function]: UsersController->login()
#11 /var/www/html/gsoc/ffs/lib/Cake/Controller/Controller.php(486): ReflectionMethod->invokeArgs(Object(UsersController), Array)
#12 /var/www/html/gsoc/ffs/lib/Cake/Routing/Dispatcher.php(187): Controller->invokeAction(Object(CakeRequest))
#13 /var/www/html/gsoc/ffs/lib/Cake/Routing/Dispatcher.php(162): Dispatcher->_invoke(Object(UsersController), Object(CakeRequest), Object(CakeResponse))
#14 /var/www/html/gsoc/ffs/app/webroot/index.php(109): Dispatcher->dispatch(Object(CakeRequest), Object(CakeResponse))
#15 {main}
2013-05-23 15:53:22 Error: Fatal Error (4): syntax error, unexpected 'else' (T_ELSE) in [/var/www/html/gsoc/ffs/app/Controller/UsersController.php, line 10]
2013-05-23 15:53:22 Error: [FatalErrorException] syntax error, unexpected 'else' (T_ELSE)
Request URL: /gsoc/ffs/users/logout
Stack Trace:
#0 /var/www/html/gsoc/ffs/lib/Cake/Error/ErrorHandler.php(184): ErrorHandler::handleFatalError(4, 'syntax error, u...', '/var/www/html/g...', 10)
#1 [internal function]: ErrorHandler::handleError(4, 'syntax error, u...', '/var/www/html/g...', 10, Array)
#2 /var/www/html/gsoc/ffs/lib/Cake/Core/App.php(926): call_user_func('ErrorHandler::h...', 4, 'syntax error, u...', '/var/www/html/g...', 10, Array)
#3 /var/www/html/gsoc/ffs/lib/Cake/Core/App.php(899): App::_checkFatalError()
#4 [internal function]: App::shutdown()
#5 {main}
2013-05-23 15:53:24 Error: Fatal Error (4): syntax error, unexpected 'else' (T_ELSE) in [/var/www/html/gsoc/ffs/app/Controller/UsersController.php, line 10]
2013-05-23 15:53:24 Error: [FatalErrorException] syntax error, unexpected 'else' (T_ELSE)
Request URL: /gsoc/ffs/users/logout
Stack Trace:
#0 /var/www/html/gsoc/ffs/lib/Cake/Error/ErrorHandler.php(184): ErrorHandler::handleFatalError(4, 'syntax error, u...', '/var/www/html/g...', 10)
#1 [internal function]: ErrorHandler::handleError(4, 'syntax error, u...', '/var/www/html/g...', 10, Array)
#2 /var/www/html/gsoc/ffs/lib/Cake/Core/App.php(926): call_user_func('ErrorHandler::h...', 4, 'syntax error, u...', '/var/www/html/g...', 10, Array)
#3 /var/www/html/gsoc/ffs/lib/Cake/Core/App.php(899): App::_checkFatalError()
#4 [internal function]: App::shutdown()
#5 {main}
2013-05-23 15:53:29 Error: Fatal Error (4): syntax error, unexpected 'else' (T_ELSE) in [/var/www/html/gsoc/ffs/app/Controller/UsersController.php, line 10]
2013-05-23 15:53:29 Error: [FatalErrorException] syntax error, unexpected 'else' (T_ELSE)
Request URL: /gsoc/ffs/users/logout
Stack Trace:
#0 /var/www/html/gsoc/ffs/lib/Cake/Error/ErrorHandler.php(184): ErrorHandler::handleFatalError(4, 'syntax error, u...', '/var/www/html/g...', 10)
#1 [internal function]: ErrorHandler::handleError(4, 'syntax error, u...', '/var/www/html/g...', 10, Array)
#2 /var/www/html/gsoc/ffs/lib/Cake/Core/App.php(926): call_user_func('ErrorHandler::h...', 4, 'syntax error, u...', '/var/www/html/g...', 10, Array)
#3 /var/www/html/gsoc/ffs/lib/Cake/Core/App.php(899): App::_checkFatalError()
#4 [internal function]: App::shutdown()
#5 {main}
2013-05-23 15:53:38 Error: Fatal Error (4): syntax error, unexpected 'else' (T_ELSE) in [/var/www/html/gsoc/ffs/app/Controller/UsersController.php, line 10]
2013-05-23 15:53:38 Error: [FatalErrorException] syntax error, unexpected 'else' (T_ELSE)
Request URL: /gsoc/ffs/users/logout
Stack Trace:
#0 /var/www/html/gsoc/ffs/lib/Cake/Error/ErrorHandler.php(184): ErrorHandler::handleFatalError(4, 'syntax error, u...', '/var/www/html/g...', 10)
#1 [internal function]: ErrorHandler::handleError(4, 'syntax error, u...', '/var/www/html/g...', 10, Array)
#2 /var/www/html/gsoc/ffs/lib/Cake/Core/App.php(926): call_user_func('ErrorHandler::h...', 4, 'syntax error, u...', '/var/www/html/g...', 10, Array)
#3 /var/www/html/gsoc/ffs/lib/Cake/Core/App.php(899): App::_checkFatalError()
#4 [internal function]: App::shutdown()
#5 {main}
2013-05-23 15:53:39 Error: Fatal Error (4): syntax error, unexpected 'else' (T_ELSE) in [/var/www/html/gsoc/ffs/app/Controller/UsersController.php, line 10]
2013-05-23 15:53:39 Error: [FatalErrorException] syntax error, unexpected 'else' (T_ELSE)
Request URL: /gsoc/ffs/users/logout
Stack Trace:
#0 /var/www/html/gsoc/ffs/lib/Cake/Error/ErrorHandler.php(184): ErrorHandler::handleFatalError(4, 'syntax error, u...', '/var/www/html/g...', 10)
#1 [internal function]: ErrorHandler::handleError(4, 'syntax error, u...', '/var/www/html/g...', 10, Array)
#2 /var/www/html/gsoc/ffs/lib/Cake/Core/App.php(926): call_user_func('ErrorHandler::h...', 4, 'syntax error, u...', '/var/www/html/g...', 10, Array)
#3 /var/www/html/gsoc/ffs/lib/Cake/Core/App.php(899): App::_checkFatalError()
#4 [internal function]: App::shutdown()
#5 {main}
2013-05-23 15:53:40 Error: Fatal Error (4): syntax error, unexpected 'else' (T_ELSE) in [/var/www/html/gsoc/ffs/app/Controller/UsersController.php, line 10]
2013-05-23 15:53:40 Error: [FatalErrorException] syntax error, unexpected 'else' (T_ELSE)
Request URL: /gsoc/ffs/users/logout
Stack Trace:
#0 /var/www/html/gsoc/ffs/lib/Cake/Error/ErrorHandler.php(184): ErrorHandler::handleFatalError(4, 'syntax error, u...', '/var/www/html/g...', 10)
#1 [internal function]: ErrorHandler::handleError(4, 'syntax error, u...', '/var/www/html/g...', 10, Array)
#2 /var/www/html/gsoc/ffs/lib/Cake/Core/App.php(926): call_user_func('ErrorHandler::h...', 4, 'syntax error, u...', '/var/www/html/g...', 10, Array)
#3 /var/www/html/gsoc/ffs/lib/Cake/Core/App.php(899): App::_checkFatalError()
#4 [internal function]: App::shutdown()
#5 {main}
2013-05-23 15:53:40 Error: Fatal Error (4): syntax error, unexpected 'else' (T_ELSE) in [/var/www/html/gsoc/ffs/app/Controller/UsersController.php, line 10]
2013-05-23 15:53:40 Error: [FatalErrorException] syntax error, unexpected 'else' (T_ELSE)
Request URL: /gsoc/ffs/users/logout
Stack Trace:
#0 /var/www/html/gsoc/ffs/lib/Cake/Error/ErrorHandler.php(184): ErrorHandler::handleFatalError(4, 'syntax error, u...', '/var/www/html/g...', 10)
#1 [internal function]: ErrorHandler::handleError(4, 'syntax error, u...', '/var/www/html/g...', 10, Array)
#2 /var/www/html/gsoc/ffs/lib/Cake/Core/App.php(926): call_user_func('ErrorHandler::h...', 4, 'syntax error, u...', '/var/www/html/g...', 10, Array)
#3 /var/www/html/gsoc/ffs/lib/Cake/Core/App.php(899): App::_checkFatalError()
#4 [internal function]: App::shutdown()
#5 {main}
2013-05-23 15:53:41 Error: Fatal Error (4): syntax error, unexpected 'else' (T_ELSE) in [/var/www/html/gsoc/ffs/app/Controller/UsersController.php, line 10]
2013-05-23 15:53:41 Error: [FatalErrorException] syntax error, unexpected 'else' (T_ELSE)
Request URL: /gsoc/ffs/users/logout
Stack Trace:
#0 /var/www/html/gsoc/ffs/lib/Cake/Error/ErrorHandler.php(184): ErrorHandler::handleFatalError(4, 'syntax error, u...', '/var/www/html/g...', 10)
#1 [internal function]: ErrorHandler::handleError(4, 'syntax error, u...', '/var/www/html/g...', 10, Array)
#2 /var/www/html/gsoc/ffs/lib/Cake/Core/App.php(926): call_user_func('ErrorHandler::h...', 4, 'syntax error, u...', '/var/www/html/g...', 10, Array)
#3 /var/www/html/gsoc/ffs/lib/Cake/Core/App.php(899): App::_checkFatalError()
#4 [internal function]: App::shutdown()
#5 {main}
2013-05-23 16:22:59 Error: [MissingControllerException] Controller class BackendpagesController could not be found.
Exception Attributes: array (
  'class' => 'BackendpagesController',
  'plugin' => NULL,
)
Request URL: /gsoc/ffs/backendpages/home
Stack Trace:
#0 /var/www/html/gsoc/ffs/app/webroot/index.php(109): Dispatcher->dispatch(Object(CakeRequest), Object(CakeResponse))
#1 {main}
2013-05-23 16:24:26 Error: [MissingViewException] View file "/var/www/html/gsoc/ffs/app/View/BackendPages/home.ctp" is missing.
Exception Attributes: array (
  'file' => '/var/www/html/gsoc/ffs/app/View/BackendPages/home.ctp',
)
Request URL: /gsoc/ffs/backendpages/home
Stack Trace:
#0 /var/www/html/gsoc/ffs/lib/Cake/View/View.php(468): View->_getViewFileName(NULL)
#1 /var/www/html/gsoc/ffs/lib/Cake/Controller/Controller.php(948): View->render(NULL, NULL)
#2 /var/www/html/gsoc/ffs/lib/Cake/Routing/Dispatcher.php(194): Controller->render()
#3 /var/www/html/gsoc/ffs/lib/Cake/Routing/Dispatcher.php(162): Dispatcher->_invoke(Object(BackendPagesController), Object(CakeRequest), Object(CakeResponse))
#4 /var/www/html/gsoc/ffs/app/webroot/index.php(109): Dispatcher->dispatch(Object(CakeRequest), Object(CakeResponse))
#5 {main}
2013-05-24 09:13:34 Error: [MissingActionException] Action BackendController::index() could not be found.
Exception Attributes: array (
  'controller' => 'BackendController',
  'action' => 'index',
)
Request URL: /gsoc/ffs/backend
Stack Trace:
#0 /var/www/html/gsoc/ffs/lib/Cake/Routing/Dispatcher.php(187): Controller->invokeAction(Object(CakeRequest))
#1 /var/www/html/gsoc/ffs/lib/Cake/Routing/Dispatcher.php(162): Dispatcher->_invoke(Object(BackendController), Object(CakeRequest), Object(CakeResponse))
#2 /var/www/html/gsoc/ffs/app/webroot/index.php(109): Dispatcher->dispatch(Object(CakeRequest), Object(CakeResponse))
#3 {main}
